2024-03-04T20:17:55:INFO: { "OS": "macOS", "video_adapter_driver_info": [], "screen_size": (2880, 1800), "screen_dpi": 256, "screen_scale": 2, "cores": 8, "locale": "en_US" }
2024-03-04T20:17:55:INFO: [step_commands: 0]
Godot Engine v4.2.stable.official (c) 2007-present Juan Linietsky, Ariel Manzur & Godot Contributors.
--- Debug adapter server started ---
--- GDScript language server started on port 6005 ---
Move CanvasItem "Player" to (1012, 490)
  scene/gui/control.cpp:1440 - Nodes with non-equal opposite anchors will have their size overridden after _ready(). 
  If you want to set size, change the anchors or consider using set_deferred().
  scene/gui/control.cpp:1440 - Nodes with non-equal opposite anchors will have their size overridden after _ready(). 
  If you want to set size, change the anchors or consider using set_deferred().
  scene/gui/control.cpp:1440 - Nodes with non-equal opposite anchors will have their size overridden after _ready(). 
  If you want to set size, change the anchors or consider using set_deferred().
  scene/gui/control.cpp:1440 - Nodes with non-equal opposite anchors will have their size overridden after _ready(). 
  If you want to set size, change the anchors or consider using set_deferred().
  scene/gui/control.cpp:1440 - Nodes with non-equal opposite anchors will have their size overridden after _ready(). 
  If you want to set size, change the anchors or consider using set_deferred().
  scene/gui/control.cpp:1440 - Nodes with non-equal opposite anchors will have their size overridden after _ready(). 
  If you want to set size, change the anchors or consider using set_deferred().
Create Node
Scene Undo: Create Node
Create Node
Remove Node(s)
Remove Node(s)
Instantiate Scene(s)
Reparent Node
Remove Node(s)
  drivers/unix/file_access_unix.cpp:160 - Condition "rename_error != 0" is true.

2024-03-04T20:18:01:INFO: [step_commands: 1]
Godot Engine v4.2.stable.official (c) 2007-present Juan Linietsky, Ariel Manzur & Godot Contributors.
--- Debug adapter server started ---
--- GDScript language server started on port 6005 ---
Move CanvasItem "Player" to (1012, 490)
  scene/gui/control.cpp:1440 - Nodes with non-equal opposite anchors will have their size overridden after _ready(). 
  If you want to set size, change the anchors or consider using set_deferred().
  scene/gui/control.cpp:1440 - Nodes with non-equal opposite anchors will have their size overridden after _ready(). 
  If you want to set size, change the anchors or consider using set_deferred().
  scene/gui/control.cpp:1440 - Nodes with non-equal opposite anchors will have their size overridden after _ready(). 
  If you want to set size, change the anchors or consider using set_deferred().
  scene/gui/control.cpp:1440 - Nodes with non-equal opposite anchors will have their size overridden after _ready(). 
  If you want to set size, change the anchors or consider using set_deferred().
  scene/gui/control.cpp:1440 - Nodes with non-equal opposite anchors will have their size overridden after _ready(). 
  If you want to set size, change the anchors or consider using set_deferred().
  scene/gui/control.cpp:1440 - Nodes with non-equal opposite anchors will have their size overridden after _ready(). 
  If you want to set size, change the anchors or consider using set_deferred().
Create Node
Scene Undo: Create Node
Create Node
Remove Node(s)
Remove Node(s)
Instantiate Scene(s)
Reparent Node
Remove Node(s)
  drivers/unix/file_access_unix.cpp:160 - Condition "rename_error != 0" is true.
  scene/gui/control.cpp:1440 - Nodes with non-equal opposite anchors will have their size overridden after _ready(). 
  If you want to set size, change the anchors or consider using set_deferred().

2024-03-04T20:18:03:INFO: [step_commands: 2]
Godot Engine v4.2.stable.official (c) 2007-present Juan Linietsky, Ariel Manzur & Godot Contributors.
--- Debug adapter server started ---
--- GDScript language server started on port 6005 ---
Move CanvasItem "Player" to (1012, 490)
  scene/gui/control.cpp:1440 - Nodes with non-equal opposite anchors will have their size overridden after _ready(). 
  If you want to set size, change the anchors or consider using set_deferred().
  scene/gui/control.cpp:1440 - Nodes with non-equal opposite anchors will have their size overridden after _ready(). 
  If you want to set size, change the anchors or consider using set_deferred().
  scene/gui/control.cpp:1440 - Nodes with non-equal opposite anchors will have their size overridden after _ready(). 
  If you want to set size, change the anchors or consider using set_deferred().
  scene/gui/control.cpp:1440 - Nodes with non-equal opposite anchors will have their size overridden after _ready(). 
  If you want to set size, change the anchors or consider using set_deferred().
  scene/gui/control.cpp:1440 - Nodes with non-equal opposite anchors will have their size overridden after _ready(). 
  If you want to set size, change the anchors or consider using set_deferred().
  scene/gui/control.cpp:1440 - Nodes with non-equal opposite anchors will have their size overridden after _ready(). 
  If you want to set size, change the anchors or consider using set_deferred().
Create Node
Scene Undo: Create Node
Create Node
Remove Node(s)
Remove Node(s)
Instantiate Scene(s)
Reparent Node
Remove Node(s)
  drivers/unix/file_access_unix.cpp:160 - Condition "rename_error != 0" is true.
  scene/gui/control.cpp:1440 - Nodes with non-equal opposite anchors will have their size overridden after _ready(). 
  If you want to set size, change the anchors or consider using set_deferred().
  scene/gui/control.cpp:1440 - Nodes with non-equal opposite anchors will have their size overridden after _ready(). 
  If you want to set size, change the anchors or consider using set_deferred().

2024-03-04T20:18:06:INFO: [step_commands: 3]
Godot Engine v4.2.stable.official (c) 2007-present Juan Linietsky, Ariel Manzur & Godot Contributors.
--- Debug adapter server started ---
--- GDScript language server started on port 6005 ---
Move CanvasItem "Player" to (1012, 490)
  scene/gui/control.cpp:1440 - Nodes with non-equal opposite anchors will have their size overridden after _ready(). 
  If you want to set size, change the anchors or consider using set_deferred().
  scene/gui/control.cpp:1440 - Nodes with non-equal opposite anchors will have their size overridden after _ready(). 
  If you want to set size, change the anchors or consider using set_deferred().
  scene/gui/control.cpp:1440 - Nodes with non-equal opposite anchors will have their size overridden after _ready(). 
  If you want to set size, change the anchors or consider using set_deferred().
  scene/gui/control.cpp:1440 - Nodes with non-equal opposite anchors will have their size overridden after _ready(). 
  If you want to set size, change the anchors or consider using set_deferred().
  scene/gui/control.cpp:1440 - Nodes with non-equal opposite anchors will have their size overridden after _ready(). 
  If you want to set size, change the anchors or consider using set_deferred().
  scene/gui/control.cpp:1440 - Nodes with non-equal opposite anchors will have their size overridden after _ready(). 
  If you want to set size, change the anchors or consider using set_deferred().
Create Node
Scene Undo: Create Node
Create Node
Remove Node(s)
Remove Node(s)
Instantiate Scene(s)
Reparent Node
Remove Node(s)
  drivers/unix/file_access_unix.cpp:160 - Condition "rename_error != 0" is true.
  scene/gui/control.cpp:1440 - Nodes with non-equal opposite anchors will have their size overridden after _ready(). 
  If you want to set size, change the anchors or consider using set_deferred().
  scene/gui/control.cpp:1440 - Nodes with non-equal opposite anchors will have their size overridden after _ready(). 
  If you want to set size, change the anchors or consider using set_deferred().
  scene/gui/control.cpp:1440 - Nodes with non-equal opposite anchors will have their size overridden after _ready(). 
  If you want to set size, change the anchors or consider using set_deferred().

2024-03-04T20:18:12:INFO: [step_commands: 4]
Godot Engine v4.2.stable.official (c) 2007-present Juan Linietsky, Ariel Manzur & Godot Contributors.
--- Debug adapter server started ---
--- GDScript language server started on port 6005 ---
Move CanvasItem "Player" to (1012, 490)
  scene/gui/control.cpp:1440 - Nodes with non-equal opposite anchors will have their size overridden after _ready(). 
  If you want to set size, change the anchors or consider using set_deferred().
  scene/gui/control.cpp:1440 - Nodes with non-equal opposite anchors will have their size overridden after _ready(). 
  If you want to set size, change the anchors or consider using set_deferred().
  scene/gui/control.cpp:1440 - Nodes with non-equal opposite anchors will have their size overridden after _ready(). 
  If you want to set size, change the anchors or consider using set_deferred().
  scene/gui/control.cpp:1440 - Nodes with non-equal opposite anchors will have their size overridden after _ready(). 
  If you want to set size, change the anchors or consider using set_deferred().
  scene/gui/control.cpp:1440 - Nodes with non-equal opposite anchors will have their size overridden after _ready(). 
  If you want to set size, change the anchors or consider using set_deferred().
  scene/gui/control.cpp:1440 - Nodes with non-equal opposite anchors will have their size overridden after _ready(). 
  If you want to set size, change the anchors or consider using set_deferred().
Create Node
Scene Undo: Create Node
Create Node
Remove Node(s)
Remove Node(s)
Instantiate Scene(s)
Reparent Node
Remove Node(s)
  drivers/unix/file_access_unix.cpp:160 - Condition "rename_error != 0" is true.
  scene/gui/control.cpp:1440 - Nodes with non-equal opposite anchors will have their size overridden after _ready(). 
  If you want to set size, change the anchors or consider using set_deferred().
  scene/gui/control.cpp:1440 - Nodes with non-equal opposite anchors will have their size overridden after _ready(). 
  If you want to set size, change the anchors or consider using set_deferred().
  scene/gui/control.cpp:1440 - Nodes with non-equal opposite anchors will have their size overridden after _ready(). 
  If you want to set size, change the anchors or consider using set_deferred().
  scene/gui/control.cpp:1440 - Nodes with non-equal opposite anchors will have their size overridden after _ready(). 
  If you want to set size, change the anchors or consider using set_deferred().
Instantiate Scene(s)

2024-03-04T20:18:23:INFO: [step_commands: 5]
Godot Engine v4.2.stable.official.46dc27791 - https://godotengine.org
OpenGL API OpenGL ES 3.0.0 (ANGLE 2.1.21969 git hash: 9528449a8930) - Compatibility - Using Device: Google Inc. (Apple) - ANGLE (Apple, ANGLE Metal Renderer: Apple M1, Version 13.5.1 (Build 22G90))
 
--- Debugging process stopped ---

2024-03-04T20:18:27:INFO: [step_commands: 6]
Godot Engine v4.2.stable.official.46dc27791 - https://godotengine.org
OpenGL API OpenGL ES 3.0.0 (ANGLE 2.1.21969 git hash: 9528449a8930) - Compatibility - Using Device: Google Inc. (Apple) - ANGLE (Apple, ANGLE Metal Renderer: Apple M1, Version 13.5.1 (Build 22G90))
 
--- Debugging process stopped ---
  scene/gui/control.cpp:1440 - Nodes with non-equal opposite anchors will have their size overridden after _ready(). 
  If you want to set size, change the anchors or consider using set_deferred().

